<?xml version="1.0" encoding="UTF-8"?>
<!-- Generated by org.testng.reporters.JUnitXMLReporter -->
<testsuite hostname="admin-PC" name="order1" tests="4" failures="0" timestamp="26 Sep 2014 09:09:15 GMT" time="0.031" errors="0">
  <testcase name="@BeforeSuite beforeMethod" time="0.0" classname="Main.Test1_Form">
    <failure type="java.lang.IllegalStateException" message="The path to the driver executable must be set by the webdriver.chrome.driver system property; for more information, see http://code.google.com/p/selenium/wiki/ChromeDriver. The latest version can be downloaded from http://chromedriver.storage.googleapis.com/index.html">
      <![CDATA[java.lang.IllegalStateException: The path to the driver executable must be set by the webdriver.chrome.driver system property; for more information, see http://code.google.com/p/selenium/wiki/ChromeDriver. The latest version can be downloaded from http://chromedriver.storage.googleapis.com/index.html
	at com.google.common.base.Preconditions.checkState(Preconditions.java:177)
	at org.openqa.selenium.remote.service.DriverService.findExecutable(DriverService.java:105)
	at org.openqa.selenium.chrome.ChromeDriverService.createDefaultService(ChromeDriverService.java:89)
	at org.openqa.selenium.chrome.ChromeDriver.<init>(ChromeDriver.java:117)
	at Main.Test_SelectCity.beforeMethod(Test_SelectCity.java:32)
... Removed 17 stack frames]]>
    </failure>
  </testcase> <!-- @BeforeSuite beforeMethod -->
  <testcase name="@BeforeTest before" time="0.0" classname="Main.Test2_Search">
    <skipped/>
  </testcase> <!-- @BeforeTest before -->
  <testcase name="@BeforeTest before" time="0.0" classname="Main.Test2_Search">
    <skipped/>
  </testcase> <!-- @BeforeTest before -->
  <testcase name="@BeforeMethod beforeMethod" time="0.0" classname="Main.Test1_Form">
    <skipped/>
  </testcase> <!-- @BeforeMethod beforeMethod -->
  <testcase name="selectCityTest1" time="0.0" classname="Main.Test_SelectCity">
    <skipped/>
  </testcase> <!-- selectCityTest1 -->
  <testcase name="imagesSort" time="0.0" classname="Main.Test2_Search">
    <skipped/>
  </testcase> <!-- imagesSort -->
  <testcase name="urlFunction" time="0.0" classname="Main.Test1_Form">
    <skipped/>
  </testcase> <!-- urlFunction -->
  <testcase name="imagesSort" time="0.001" classname="Main.Test3_Footer">
    <skipped/>
  </testcase> <!-- imagesSort -->
</testsuite> <!-- order1 -->
