<?xml version="1.0" encoding="UTF-8"?>
<testng-results skipped="4" failed="0" total="4" passed="0">
  <reporter-output>
  </reporter-output>
  <suite name="TestAll" duration-ms="31" started-at="2014-09-26T09:09:15Z" finished-at="2014-09-26T09:09:15Z">
    <groups>
    </groups>
    <test name="order1" duration-ms="31" started-at="2014-09-26T09:09:15Z" finished-at="2014-09-26T09:09:15Z">
      <class name="Main.Test3_Footer">
        <test-method status="SKIP" signature="imagesSort()[pri:0, instance:Main.Test3_Footer@19febb9]" name="imagesSort" duration-ms="1" started-at="2014-09-26T14:39:15Z" finished-at="2014-09-26T14:39:15Z">
          <reporter-output>
          </reporter-output>
        </test-method> <!-- imagesSort -->
      </class> <!-- Main.Test3_Footer -->
      <class name="Main.Test1_Form">
        <test-method status="PASS" signature="initialize()[pri:0, instance:Main.Test1_Form@1f05076]" name="initialize" is-config="true" duration-ms="52" started-at="2014-09-26T14:39:15Z" finished-at="2014-09-26T14:39:15Z">
          <reporter-output>
          </reporter-output>
        </test-method> <!-- initialize -->
        <test-method status="FAIL" signature="beforeMethod()[pri:0, instance:Main.Test_SelectCity@19fef7b]" name="beforeMethod" is-config="true" duration-ms="0" started-at="2014-09-26T14:39:15Z" depends-on-methods="Main.TestBase.initialize" finished-at="2014-09-26T14:39:15Z">
          <exception class="java.lang.IllegalStateException">
            <message>
              <![CDATA[The path to the driver executable must be set by the webdriver.chrome.driver system property; for more information, see http://code.google.com/p/selenium/wiki/ChromeDriver. The latest version can be downloaded from http://chromedriver.storage.googleapis.com/index.html]]>
            </message>
            <full-stacktrace>
              <![CDATA[java.lang.IllegalStateException: The path to the driver executable must be set by the webdriver.chrome.driver system property; for more information, see http://code.google.com/p/selenium/wiki/ChromeDriver. The latest version can be downloaded from http://chromedriver.storage.googleapis.com/index.html
	at com.google.common.base.Preconditions.checkState(Preconditions.java:177)
	at org.openqa.selenium.remote.service.DriverService.findExecutable(DriverService.java:105)
	at org.openqa.selenium.chrome.ChromeDriverService.createDefaultService(ChromeDriverService.java:89)
	at org.openqa.selenium.chrome.ChromeDriver.<init>(ChromeDriver.java:117)
	at Main.Test_SelectCity.beforeMethod(Test_SelectCity.java:32)
	at sun.reflect.NativeMethodAccessorImpl.invoke0(Native Method)
	at sun.reflect.NativeMethodAccessorImpl.invoke(NativeMethodAccessorImpl.java:57)
	at sun.reflect.DelegatingMethodAccessorImpl.invoke(DelegatingMethodAccessorImpl.java:43)
	at java.lang.reflect.Method.invoke(Method.java:606)
	at org.testng.internal.MethodInvocationHelper.invokeMethod(MethodInvocationHelper.java:84)
	at org.testng.internal.Invoker.invokeConfigurationMethod(Invoker.java:564)
	at org.testng.internal.Invoker.invokeConfigurations(Invoker.java:213)
	at org.testng.internal.Invoker.invokeConfigurations(Invoker.java:138)
	at org.testng.SuiteRunner.privateRun(SuiteRunner.java:277)
	at org.testng.SuiteRunner.run(SuiteRunner.java:240)
	at org.testng.SuiteRunnerWorker.runSuite(SuiteRunnerWorker.java:52)
	at org.testng.SuiteRunnerWorker.run(SuiteRunnerWorker.java:86)
	at org.testng.TestNG.runSuitesSequentially(TestNG.java:1224)
	at org.testng.TestNG.runSuitesLocally(TestNG.java:1149)
	at org.testng.TestNG.run(TestNG.java:1057)
	at org.testng.TestNG.privateMain(TestNG.java:1364)
	at org.testng.TestNG.main(TestNG.java:1333)
]]>
            </full-stacktrace>
          </exception> <!-- java.lang.IllegalStateException -->
          <reporter-output>
          </reporter-output>
        </test-method> <!-- beforeMethod -->
        <test-method status="SKIP" signature="urlFunction()[pri:0, instance:Main.Test1_Form@1f05076]" name="urlFunction" duration-ms="0" started-at="2014-09-26T14:39:15Z" finished-at="2014-09-26T14:39:15Z">
          <reporter-output>
          </reporter-output>
        </test-method> <!-- urlFunction -->
        <test-method status="SKIP" signature="beforeMethod()[pri:0, instance:Main.Test1_Form@1f05076]" name="beforeMethod" is-config="true" duration-ms="0" started-at="2014-09-26T14:39:15Z" finished-at="2014-09-26T14:39:15Z">
          <reporter-output>
          </reporter-output>
        </test-method> <!-- beforeMethod -->
        <test-method status="SKIP" signature="afterSuite()[pri:0, instance:Main.Test1_Form@1f05076]" name="afterSuite" is-config="true" duration-ms="0" started-at="2014-09-26T14:39:15Z" finished-at="2014-09-26T14:39:15Z">
          <reporter-output>
          </reporter-output>
        </test-method> <!-- afterSuite -->
      </class> <!-- Main.Test1_Form -->
      <class name="Main.Test2_Search">
        <test-method status="SKIP" signature="before()[pri:0, instance:Main.Test2_Search@1ee8c1]" name="before" is-config="true" duration-ms="0" started-at="2014-09-26T14:39:15Z" finished-at="2014-09-26T14:39:15Z">
          <reporter-output>
          </reporter-output>
        </test-method> <!-- before -->
        <test-method status="SKIP" signature="before()[pri:0, instance:Main.Test3_Footer@19febb9]" name="before" is-config="true" duration-ms="0" started-at="2014-09-26T14:39:15Z" finished-at="2014-09-26T14:39:15Z">
          <reporter-output>
          </reporter-output>
        </test-method> <!-- before -->
        <test-method status="SKIP" signature="imagesSort()[pri:0, instance:Main.Test2_Search@1ee8c1]" name="imagesSort" duration-ms="0" started-at="2014-09-26T14:39:15Z" finished-at="2014-09-26T14:39:15Z">
          <reporter-output>
          </reporter-output>
        </test-method> <!-- imagesSort -->
      </class> <!-- Main.Test2_Search -->
      <class name="Main.Test_SelectCity">
        <test-method status="SKIP" signature="selectCityTest1()[pri:0, instance:Main.Test_SelectCity@19fef7b]" name="selectCityTest1" duration-ms="0" started-at="2014-09-26T14:39:15Z" finished-at="2014-09-26T14:39:15Z">
          <reporter-output>
          </reporter-output>
        </test-method> <!-- selectCityTest1 -->
      </class> <!-- Main.Test_SelectCity -->
    </test> <!-- order1 -->
  </suite> <!-- TestAll -->
</testng-results>
